<?xml version="1.0" encoding="UTF-8"?>
<!-- Generated by org.testng.reporters.JUnitReportReporter -->
<testsuite hostname="LAPTOP-8O3S0JOC" failures="0" tests="1" name="runner.TestNGRunner" time="46.032" errors="0" timestamp="2024-01-20T22:47:09 IST" skipped="0">
  <testcase classname="runner.TestNGRunner" name="runScenario" time="46.032"/>
  <system-out/>
</testsuite> <!-- runner.TestNGRunner -->
